<?xml version="1.0" encoding="UTF-8"?>
<!-- Generated by org.testng.reporters.JUnitXMLReporter -->
<testsuite ignored="0" hostname="DESKTOP-87IU83P" failures="0" tests="3" name="Test" time="16.021" errors="0" timestamp="2023-09-24T00:05:18 IST">
  <testcase classname="datadrivenexample.DataDrivenEx" name="get_data" time="14.03"/>
  <testcase classname="datadrivenexample.DataDrivenEx" name="test_post" time="0.932"/>
  <testcase classname="datadrivenexample.DataDrivenEx" name="test_post" time="0.655"/>
</testsuite> <!-- Test -->
