<?xml version="1.0" encoding="UTF-8"?>
<testng-results ignored="0" total="1" passed="1" failed="0" skipped="0">
  <reporter-output>
  </reporter-output>
  <suite started-at="2023-09-23T19:45:46 IST" name="Default suite" finished-at="2023-09-23T19:45:54 IST" duration-ms="7902">
    <groups>
    </groups>
    <test started-at="2023-09-23T19:45:46 IST" name="Default test" finished-at="2023-09-23T19:45:54 IST" duration-ms="7902">
      <class name="Tests_PATCH">
        <test-method signature="test_patch()[pri:0, instance:Tests_PATCH@13fd2ccd]" started-at="2023-09-23T19:45:46 IST" name="test_patch" finished-at="2023-09-23T19:45:54 IST" duration-ms="7637" status="PASS">
          <reporter-output>
          </reporter-output>
        </test-method> <!-- test_patch -->
      </class> <!-- Tests_PATCH -->
    </test> <!-- Default test -->
  </suite> <!-- Default suite -->
</testng-results>
