<?xml version="1.0" encoding="UTF-8"?>
<testng-results ignored="0" total="3" passed="3" failed="0" skipped="0">
  <reporter-output>
  </reporter-output>
  <suite started-at="2023-09-24T00:05:02 IST" name="Suite" finished-at="2023-09-24T00:05:18 IST" duration-ms="16021">
    <groups>
    </groups>
    <test started-at="2023-09-24T00:05:02 IST" name="Test" finished-at="2023-09-24T00:05:18 IST" duration-ms="16021">
      <class name="datadrivenexample.DataDrivenEx">
        <test-method signature="get_data(java.lang.String)[pri:0, instance:datadrivenexample.DataDrivenEx@6221a451]" started-at="2023-09-24T00:05:02 IST" name="get_data" finished-at="2023-09-24T00:05:16 IST" duration-ms="14030" status="PASS">
          <params>
            <param index="0">
              <value>
                <![CDATA[2]]>
              </value>
            </param>
          </params>
          <reporter-output>
          </reporter-output>
        </test-method> <!-- get_data -->
        <test-method signature="test_post(java.lang.String,java.lang.String,int)[pri:0, instance:datadrivenexample.DataDrivenEx@6221a451]" started-at="2023-09-24T00:05:16 IST" name="test_post" data-provider="DataForPost" finished-at="2023-09-24T00:05:17 IST" duration-ms="932" status="PASS">
          <params>
            <param index="0">
              <value>
                <![CDATA[Pranav]]>
              </value>
            </param>
            <param index="1">
              <value>
                <![CDATA[Patil]]>
              </value>
            </param>
            <param index="2">
              <value>
                <![CDATA[2]]>
              </value>
            </param>
          </params>
          <reporter-output>
          </reporter-output>
        </test-method> <!-- test_post -->
        <test-method signature="test_post(java.lang.String,java.lang.String,int)[pri:0, instance:datadrivenexample.DataDrivenEx@6221a451]" started-at="2023-09-24T00:05:17 IST" name="test_post" data-provider="DataForPost" finished-at="2023-09-24T00:05:18 IST" duration-ms="655" status="PASS">
          <params>
            <param index="0">
              <value>
                <![CDATA[Nitin]]>
              </value>
            </param>
            <param index="1">
              <value>
                <![CDATA[Gujju]]>
              </value>
            </param>
            <param index="2">
              <value>
                <![CDATA[1]]>
              </value>
            </param>
          </params>
          <reporter-output>
          </reporter-output>
        </test-method> <!-- test_post -->
      </class> <!-- datadrivenexample.DataDrivenEx -->
    </test> <!-- Test -->
  </suite> <!-- Suite -->
</testng-results>
